<?xml version="1.0" encoding="UTF-8"?>
<!-- Generated by org.testng.reporters.JUnitReportReporter -->
<testsuite skipped="0" hostname="DESKTOP-CL9VTD9" name="com.testing.scripts.TestTagAuthorPageFilter" tests="3" failures="0" timestamp="15 Jul 2021 12:56:43 GMT" time="5.119" errors="0">
  <testcase name="getValidTagAuthor" time="1.750" classname="com.testing.scripts.TestTagAuthorPageFilter"/>
  <testcase name="getValidTagInvalidAuthor" time="1.660" classname="com.testing.scripts.TestTagAuthorPageFilter"/>
  <testcase name="getValidTagPage" time="1.709" classname="com.testing.scripts.TestTagAuthorPageFilter"/>
</testsuite> <!-- com.testing.scripts.TestTagAuthorPageFilter -->
