<?xml version="1.0" encoding="UTF-8"?>
<!-- Generated by org.testng.reporters.JUnitReportReporter -->
<testsuite skipped="0" hostname="DESKTOP-CL9VTD9" name="com.testing.scripts.NoonInterviewAPI" tests="5" failures="0" timestamp="14 Jul 2021 18:16:17 GMT" time="9.279" errors="0">
  <testcase name="createToken" time="4.966" classname="com.testing.scripts.NoonInterviewAPI"/>
  <testcase name="createTokenInvalidUser" time="0.954" classname="com.testing.scripts.NoonInterviewAPI"/>
  <testcase name="createTokenInvalidPassword" time="0.884" classname="com.testing.scripts.NoonInterviewAPI"/>
  <testcase name="getHistoryValidToken" time="1.647" classname="com.testing.scripts.NoonInterviewAPI"/>
  <testcase name="getHistoryInvalidToken" time="0.828" classname="com.testing.scripts.NoonInterviewAPI"/>
</testsuite> <!-- com.testing.scripts.NoonInterviewAPI -->
