<?xml version="1.0" encoding="UTF-8"?>
<!-- Generated by org.testng.reporters.JUnitReportReporter -->
<testsuite skipped="1" hostname="DESKTOP-CL9VTD9" name="com.testing.scripts.TestTagFilter" tests="2" failures="0" timestamp="15 Jul 2021 12:21:15 GMT" time="4.453" errors="0">
  <testcase name="getValidTagInvalidAuthor" time="4.453" classname="com.testing.scripts.TestTagFilter"/>
  <testcase name="getValidTagAuthor" classname="com.testing.scripts.TestTagFilter">
    <skipped/>
  </testcase> <!-- getValidTagAuthor -->
</testsuite> <!-- com.testing.scripts.TestTagFilter -->
