<?xml version="1.0" encoding="UTF-8"?>
<!-- Generated by org.testng.reporters.JUnitReportReporter -->
<testsuite skipped="0" hostname="DESKTOP-CL9VTD9" name="com.testing.scripts.TestPageFilter" tests="3" failures="0" timestamp="15 Jul 2021 12:42:10 GMT" time="8.518" errors="0">
  <testcase name="getValidPageStart" time="5.025" classname="com.testing.scripts.TestPageFilter"/>
  <testcase name="getValidPageEnd" time="1.787" classname="com.testing.scripts.TestPageFilter"/>
  <testcase name="getValidPageInvalid" time="1.706" classname="com.testing.scripts.TestPageFilter"/>
</testsuite> <!-- com.testing.scripts.TestPageFilter -->
