<?xml version="1.0" encoding="UTF-8"?>
<!-- Generated by org.testng.reporters.JUnitReportReporter -->
<testsuite skipped="0" hostname="DESKTOP-CL9VTD9" name="com.testing.scripts.TestTagAuthorPageFilter" tests="3" failures="0" timestamp="15 Jul 2021 12:42:10 GMT" time="5.211" errors="0">
  <testcase name="getValidTagAuthor" time="1.741" classname="com.testing.scripts.TestTagAuthorPageFilter"/>
  <testcase name="getValidTagInvalidAuthor" time="1.687" classname="com.testing.scripts.TestTagAuthorPageFilter"/>
  <testcase name="getValidTagPage" time="1.783" classname="com.testing.scripts.TestTagAuthorPageFilter"/>
</testsuite> <!-- com.testing.scripts.TestTagAuthorPageFilter -->
